{
  "meta": {
    "format": 2,
    "version": "7.5.0",
    "timestamp": "2024-05-01T11:10:27.631653",
    "branch_coverage": false,
    "show_contexts": false
  },
  "files": {
    "app.py": {
      "executed_lines": [
        1,
        2,
        3,
        5,
        6,
        7,
        9,
        10,
        14,
        16
      ],
      "summary": {
        "covered_lines": 10,
        "num_statements": 11,
        "percent_covered": 90.9090909090909,
        "percent_covered_display": "91",
        "missing_lines": 1,
        "excluded_lines": 0
      },
      "missing_lines": [
        17
      ],
      "excluded_lines": []
    },
    "blueprints/__init__.py": {
      "executed_lines": [
        0
      ],
      "summary": {
        "covered_lines": 0,
        "num_statements": 0,
        "percent_covered": 100.0,
        "percent_covered_display": "100",
        "missing_lines": 0,
        "excluded_lines": 0
      },
      "missing_lines": [],
      "excluded_lines": []
    },
    "blueprints/data.py": {
      "executed_lines": [
        1,
        3,
        5,
        6,
        16,
        17
      ],
      "summary": {
        "covered_lines": 6,
        "num_statements": 9,
        "percent_covered": 66.66666666666667,
        "percent_covered_display": "67",
        "missing_lines": 3,
        "excluded_lines": 0
      },
      "missing_lines": [
        13,
        14,
        28
      ],
      "excluded_lines": []
    },
    "blueprints/greetings.py": {
      "executed_lines": [
        1,
        3,
        5,
        6,
        15,
        16
      ],
      "summary": {
        "covered_lines": 6,
        "num_statements": 8,
        "percent_covered": 75.0,
        "percent_covered_display": "75",
        "missing_lines": 2,
        "excluded_lines": 0
      },
      "missing_lines": [
        13,
        20
      ],
      "excluded_lines": []
    },
    "tests/__init__.py": {
      "executed_lines": [
        0
      ],
      "summary": {
        "covered_lines": 0,
        "num_statements": 0,
        "percent_covered": 100.0,
        "percent_covered_display": "100",
        "missing_lines": 0,
        "excluded_lines": 0
      },
      "missing_lines": [],
      "excluded_lines": []
    },
    "tests/test_app.py": {
      "executed_lines": [
        1,
        2,
        3,
        5,
        7,
        9,
        11,
        13,
        15,
        16,
        17,
        19,
        25,
        31,
        38,
        47
      ],
      "summary": {
        "covered_lines": 16,
        "num_statements": 29,
        "percent_covered": 55.172413793103445,
        "percent_covered_display": "55",
        "missing_lines": 13,
        "excluded_lines": 0
      },
      "missing_lines": [
        21,
        22,
        23,
        27,
        28,
        29,
        33,
        34,
        36,
        40,
        43,
        45,
        48
      ],
      "excluded_lines": []
    }
  },
  "totals": {
    "covered_lines": 38,
    "num_statements": 57,
    "percent_covered": 66.66666666666667,
    "percent_covered_display": "67",
    "missing_lines": 19,
    "excluded_lines": 0
  }
}